Using pre-set license
Built from '2020.3/staging' branch; Version is '2020.3.4f1 (0abb6314276a) revision 703331'; Using compiler version '192528614'; Build Type 'Release'
OS: 'Windows 10 Pro; OS build 19042.1110; Version 2009; 64bit' Language: 'zh' Physical Memory: 32515 MB
BatchMode: 1, IsHumanControllingUs: 0, StartBugReporterOnCrash: 0, Is64bit: 1, IsPro: 0

 COMMAND LINE ARGUMENTS:
C:\Program Files\Unity\Editor\Unity.exe
-adb2
-batchMode
-noUpm
-name
AssetImportWorker0
-projectPath
C:/Users/maxiaoyue/Desktop/URP_Otter
-logFile
Logs/AssetImportWorker0.log
-srvPort
54385
Successfully changed project path to: C:/Users/maxiaoyue/Desktop/URP_Otter
C:/Users/maxiaoyue/Desktop/URP_Otter
Using Asset Import Pipeline V2.
Refreshing native plugins compatible for Editor in 89.98 ms, found 0 plugins.
Preloading 0 native plugins for Editor in 0.00 ms.
Initialize engine version: 2020.3.4f1 (0abb6314276a)
[Subsystems] Discovering subsystems at path C:/Program Files/Unity/Editor/Data/Resources/UnitySubsystems
[Subsystems] Discovering subsystems at path C:/Users/maxiaoyue/Desktop/URP_Otter/Assets
GfxDevice: creating device client; threaded=0
Direct3D:
    Version:  Direct3D 11.0 [level 11.1]
    Renderer: NVIDIA GeForce GTX 1660 SUPER (ID=0x21c4)
    Vendor:   
    VRAM:     5991 MB
    Driver:   27.21.14.6192
Initialize mono
Mono path[0] = 'C:/Program Files/Unity/Editor/Data/Managed'
Mono path[1] = 'C:/Program Files/Unity/Editor/Data/MonoBleedingEdge/lib/mono/unityjit'
Mono config path = 'C:/Program Files/Unity/Editor/Data/MonoBleedingEdge/etc'
Using monoOptions --debugger-agent=transport=dt_socket,embedding=1,server=y,suspend=n,address=127.0.0.1:56108
Begin MonoManager ReloadAssembly
Registering precompiled unity dll's ...
Register platform support module: C:/Program Files/Unity/Editor/Data/PlaybackEngines/WindowsStandaloneSupport/UnityEditor.WindowsStandalone.Extensions.dll
Registered in 0.001740 seconds.
Native extension for WindowsStandalone target not found
Refreshing native plugins compatible for Editor in 91.91 ms, found 0 plugins.
Preloading 0 native plugins for Editor in 0.00 ms.
Mono: successfully reloaded assembly
- Completed reload, in  0.894 seconds
Platform modules already initialized, skipping
Registering precompiled user dll's ...
Registered in 0.005015 seconds.
Begin MonoManager ReloadAssembly
Native extension for WindowsStandalone target not found
Refreshing native plugins compatible for Editor in 98.86 ms, found 0 plugins.
Preloading 0 native plugins for Editor in 0.00 ms.
Mono: successfully reloaded assembly
- Completed reload, in  1.068 seconds
Platform modules already initialized, skipping
========================================================================
Worker process is ready to serve import requests
NullReferenceException: Object reference not set to an instance of an object
  at OutLineFeature.Create () [0x00000] in C:\Users\maxiaoyue\Desktop\URP_Otter\Assets\Shaders\_UrpPostProcessing\OutLineFeature.cs:40 
  at UnityEngine.Rendering.Universal.ScriptableRendererFeature.OnValidate () [0x00000] in C:\Users\maxiaoyue\Desktop\URP_Otter\Library\PackageCache\com.unity.render-pipelines.universal@10.4.0\Runtime\ScriptableRendererFeature.cs:39 

(Filename: Assets/Shaders/_UrpPostProcessing/OutLineFeature.cs Line: 40)

NullReferenceException: Object reference not set to an instance of an object
  at OutLineFeature.Create () [0x00000] in C:\Users\maxiaoyue\Desktop\URP_Otter\Assets\Shaders\_UrpPostProcessing\OutLineFeature.cs:40 
  at UnityEngine.Rendering.Universal.ScriptableRendererFeature.OnEnable () [0x00000] in C:\Users\maxiaoyue\Desktop\URP_Otter\Library\PackageCache\com.unity.render-pipelines.universal@10.4.0\Runtime\ScriptableRendererFeature.cs:34 

(Filename: Assets/Shaders/_UrpPostProcessing/OutLineFeature.cs Line: 40)

Shader 'Universal Render Pipeline/Particles/Lit': fallback shader 'Universal Render Pipeline/Particles/SimpleLit' not found
Shader 'Universal Render Pipeline/Particles/Lit': fallback shader 'Universal Render Pipeline/Particles/SimpleLit' not found
Launched and connected shader compiler UnityShaderCompiler.exe after 0.04 seconds
Refreshing native plugins compatible for Editor in 0.92 ms, found 0 plugins.
Preloading 0 native plugins for Editor in 0.00 ms.
Unloading 3127 Unused Serialized files (Serialized files now loaded: 0)
System memory in use before: 156.0 MB.
System memory in use after: 154.4 MB.

Unloading 52 unused Assets to reduce memory usage. Loaded Objects now: 3551.
Total: 2.686100 ms (FindLiveObjects: 0.259500 ms CreateObjectMapping: 0.139400 ms MarkObjects: 1.538100 ms  DeleteObjects: 0.748200 ms)

========================================================================
Received Import Request.
  path: Assets/AnimationController/OtterHappyController.controller
  artifactKey: Guid(32ecbbf8b1c83794b85d85143e46244a) Importer(815301076,1909f56bfc062723c751e8b465ee728b)
Start importing Assets/AnimationController/OtterHappyController.controller using Guid(32ecbbf8b1c83794b85d85143e46244a) Importer(815301076,1909f56bfc062723c751e8b465ee728b)  -> (artifact id: '4bb1b49d9d4a8b422f1b1719e1c728ba') in 0.023054 seconds
  Import took 0.027089 seconds .

AssetImportWorkerClient::OnTransportError - code=2 error=End of file
